<?xml version="1.0" encoding="UTF-8"?>
<!-- Generated by org.testng.reporters.JUnitXMLReporter -->
<testsuite hostname="Puchu-PC" ignored="0" name="Test" tests="2" failures="1" timestamp="23 Apr 2020 06:46:52 GMT" time="114.702" errors="0">
  <testcase name="homePagetitletest" time="26.543" classname="testsuite.HomePageTest"/>
  <testcase name="ins" time="0.003" classname="testsuite.HomePageTest">
    <failure type="java.lang.AssertionError" message="expected [true] but found [false]">
      <![CDATA[java.lang.AssertionError: expected [true] but found [false]
at testsuite.HomePageTest.ins(HomePageTest.java:41)
... Removed 29 stack frames]]>
    </failure>
  </testcase> <!-- ins -->
</testsuite> <!-- Test -->
