<?xml version="1.0" encoding="UTF-8"?>
<testng-results skipped="0" failed="0" ignored="0" total="1" passed="1">
  <reporter-output>
  </reporter-output>
  <suite name="Suite" duration-ms="42030" started-at="2020-04-22T06:25:25Z" finished-at="2020-04-22T06:26:07Z">
    <groups>
    </groups>
    <test name="Test" duration-ms="42030" started-at="2020-04-22T06:25:25Z" finished-at="2020-04-22T06:26:07Z">
      <class name="testsuite.HomePageTest">
        <test-method status="PASS" signature="setup()[pri:0, instance:testsuite.HomePageTest@b0ed20]" name="setup" is-config="true" duration-ms="27162" started-at="2020-04-22T06:25:25Z" finished-at="2020-04-22T06:25:52Z">
          <reporter-output>
          </reporter-output>
        </test-method> <!-- setup -->
        <test-method status="PASS" signature="homePagetitletest()[pri:0, instance:testsuite.HomePageTest@b0ed20]" name="homePagetitletest" duration-ms="13926" started-at="2020-04-22T06:25:52Z" finished-at="2020-04-22T06:26:06Z">
          <reporter-output>
          </reporter-output>
        </test-method> <!-- homePagetitletest -->
        <test-method status="PASS" signature="trailing()[pri:0, instance:testsuite.HomePageTest@b0ed20]" name="trailing" is-config="true" duration-ms="811" started-at="2020-04-22T06:26:06Z" finished-at="2020-04-22T06:26:07Z">
          <reporter-output>
          </reporter-output>
        </test-method> <!-- trailing -->
      </class> <!-- testsuite.HomePageTest -->
    </test> <!-- Test -->
  </suite> <!-- Suite -->
</testng-results>
